jetPackPam/app/build/intermediates/manifest_merge_blame_file/debug/processDebugMainManifest/manifest-merger-blame-debug-report.txt
1<?xml version="1.0" encoding="utf-8"?>
2<manifest xmlns:android="http://schemas.android.com/apk/res/android"
3    package="student.projects.jetpackpam"
4    android:versionCode="1"
5    android:versionName="1.0" >
6
7    <uses-sdk
8        android:minSdkVersion="29"
9        android:targetSdkVersion="36" />
10
11    <uses-permission android:name="android.permission.INTERNET" />
11-->src\main\AndroidManifest.xml:4:5-66
11-->src\main\AndroidManifest.xml:4:22-64
12    <uses-permission android:name="android.permission.ACCESS_NETWORK_STATE" />
12-->src\main\AndroidManifest.xml:5:5-78
12-->src\main\AndroidManifest.xml:5:22-76
13    <uses-permission android:name="android.permission.VIBRATE" />
13-->src\main\AndroidManifest.xml:6:5-66
13-->src\main\AndroidManifest.xml:6:22-63
14    <uses-permission android:name="android.permission.RECORD_AUDIO" />
14-->src\main\AndroidManifest.xml:7:5-71
14-->src\main\AndroidManifest.xml:7:22-68
15    <uses-permission android:name="com.google.android.providers.gsf.permission.READ_GSERVICES" />
15-->[com.google.android.recaptcha:recaptcha:18.4.0] AndroidManifest.xml:9:5-98
15-->[com.google.android.recaptcha:recaptcha:18.4.0] AndroidManifest.xml:9:22-95
16
17    <permission
17-->[androidx.core:core:1.15.0] AndroidManifest.xml:22:5-24:47
18        android:name="student.projects.jetpackpam.DYNAMIC_RECEIVER_NOT_EXPORTED_PERMISSION"
18-->[androidx.core:core:1.15.0] AndroidManifest.xml:23:9-81
19        android:protectionLevel="signature" />
19-->[androidx.core:core:1.15.0] AndroidManifest.xml:24:9-44
20
21    <uses-permission android:name="student.projects.jetpackpam.DYNAMIC_RECEIVER_NOT_EXPORTED_PERMISSION" />
21-->[androidx.core:core:1.15.0] AndroidManifest.xml:26:5-97
21-->[androidx.core:core:1.15.0] AndroidManifest.xml:26:22-94
22
23    <application
23-->src\main\AndroidManifest.xml:9:5-29:19
24        android:allowBackup="true"
24-->src\main\AndroidManifest.xml:10:9-35
25        android:appComponentFactory="androidx.core.app.CoreComponentFactory"
25-->[androidx.core:core:1.15.0] AndroidManifest.xml:28:18-86
26        android:dataExtractionRules="@xml/data_extraction_rules"
26-->src\main\AndroidManifest.xml:11:9-65
27        android:debuggable="true"
28        android:extractNativeLibs="false"
29        android:fullBackupContent="@xml/backup_rules"
29-->src\main\AndroidManifest.xml:12:9-54
30        android:icon="@mipmap/ic_launcher"
30-->src\main\AndroidManifest.xml:13:9-43
31        android:label="@string/app_name"
31-->src\main\AndroidManifest.xml:14:9-41
32        android:roundIcon="@mipmap/ic_launcher_round"
32-->src\main\AndroidManifest.xml:15:9-54
33        android:supportsRtl="true"
33-->src\main\AndroidManifest.xml:16:9-35
34        android:testOnly="true"
35        android:theme="@style/Theme.JetPackPam" >
35-->src\main\AndroidManifest.xml:17:9-48
36        <activity
36-->src\main\AndroidManifest.xml:18:9-28:20
37            android:name="student.projects.jetpackpam.MainActivity"
37-->src\main\AndroidManifest.xml:19:13-41
38            android:exported="true"
38-->src\main\AndroidManifest.xml:20:13-36
39            android:label="@string/app_name"
39-->src\main\AndroidManifest.xml:21:13-45
40            android:theme="@style/Theme.JetPackPam" >
40-->src\main\AndroidManifest.xml:22:13-52
41            <intent-filter>
41-->src\main\AndroidManifest.xml:23:13-27:29
42                <action android:name="android.intent.action.MAIN" />
42-->src\main\AndroidManifest.xml:24:17-69
42-->src\main\AndroidManifest.xml:24:25-66
43
44                <category android:name="android.intent.category.LAUNCHER" />
44-->src\main\AndroidManifest.xml:26:17-77
44-->src\main\AndroidManifest.xml:26:27-74
45            </intent-filter>
46        </activity>
47
48        <service
48-->[com.google.firebase:firebase-auth-ktx:23.0.0] AndroidManifest.xml:8:9-14:19
49            android:name="com.google.firebase.components.ComponentDiscoveryService"
49-->[com.google.firebase:firebase-auth-ktx:23.0.0] AndroidManifest.xml:9:13-84
50            android:directBootAware="true"
50-->[com.google.firebase:firebase-common:22.0.1] AndroidManifest.xml:32:13-43
51            android:exported="false" >
51-->[com.google.firebase:firebase-auth-ktx:23.0.0] AndroidManifest.xml:10:13-37
52            <meta-data
52-->[com.google.firebase:firebase-auth-ktx:23.0.0] AndroidManifest.xml:11:13-13:85
53                android:name="com.google.firebase.components:com.google.firebase.auth.ktx.FirebaseAuthLegacyRegistrar"
53-->[com.google.firebase:firebase-auth-ktx:23.0.0] AndroidManifest.xml:12:17-119
54                android:value="com.google.firebase.components.ComponentRegistrar" />
54-->[com.google.firebase:firebase-auth-ktx:23.0.0] AndroidManifest.xml:13:17-82
55            <meta-data
55-->[com.google.firebase:firebase-auth:23.0.0] AndroidManifest.xml:69:13-71:85
56                android:name="com.google.firebase.components:com.google.firebase.auth.FirebaseAuthRegistrar"
56-->[com.google.firebase:firebase-auth:23.0.0] AndroidManifest.xml:70:17-109
57                android:value="com.google.firebase.components.ComponentRegistrar" />
57-->[com.google.firebase:firebase-auth:23.0.0] AndroidManifest.xml:71:17-82
58            <meta-data
58-->[com.google.firebase:firebase-database-ktx:21.0.0] AndroidManifest.xml:12:13-14:85
59                android:name="com.google.firebase.components:com.google.firebase.database.ktx.FirebaseDatabaseLegacyRegistrar"
59-->[com.google.firebase:firebase-database-ktx:21.0.0] AndroidManifest.xml:13:17-127
60                android:value="com.google.firebase.components.ComponentRegistrar" />
60-->[com.google.firebase:firebase-database-ktx:21.0.0] AndroidManifest.xml:14:17-82
61            <meta-data
61-->[com.google.firebase:firebase-database:22.0.1] AndroidManifest.xml:29:13-31:85
62                android:name="com.google.firebase.components:com.google.firebase.database.FirebaseDatabaseKtxRegistrar"
62-->[com.google.firebase:firebase-database:22.0.1] AndroidManifest.xml:30:17-120
63                android:value="com.google.firebase.components.ComponentRegistrar" />
63-->[com.google.firebase:firebase-database:22.0.1] AndroidManifest.xml:31:17-82
64            <meta-data
64-->[com.google.firebase:firebase-database:22.0.1] AndroidManifest.xml:32:13-34:85
65                android:name="com.google.firebase.components:com.google.firebase.database.DatabaseRegistrar"
65-->[com.google.firebase:firebase-database:22.0.1] AndroidManifest.xml:33:17-109
66                android:value="com.google.firebase.components.ComponentRegistrar" />
66-->[com.google.firebase:firebase-database:22.0.1] AndroidManifest.xml:34:17-82
67            <meta-data
67-->[com.google.firebase:firebase-common-ktx:21.0.0] AndroidManifest.xml:12:13-14:85
68                android:name="com.google.firebase.components:com.google.firebase.ktx.FirebaseCommonLegacyRegistrar"
68-->[com.google.firebase:firebase-common-ktx:21.0.0] AndroidManifest.xml:13:17-116
69                android:value="com.google.firebase.components.ComponentRegistrar" />
69-->[com.google.firebase:firebase-common-ktx:21.0.0] AndroidManifest.xml:14:17-82
70            <meta-data
70-->[com.google.firebase:firebase-common:22.0.1] AndroidManifest.xml:35:13-37:85
71                android:name="com.google.firebase.components:com.google.firebase.FirebaseCommonKtxRegistrar"
71-->[com.google.firebase:firebase-common:22.0.1] AndroidManifest.xml:36:17-109
72                android:value="com.google.firebase.components.ComponentRegistrar" />
72-->[com.google.firebase:firebase-common:22.0.1] AndroidManifest.xml:37:17-82
73        </service>
74
75        <activity
75-->[com.google.firebase:firebase-auth:23.0.0] AndroidManifest.xml:29:9-46:20
76            android:name="com.google.firebase.auth.internal.GenericIdpActivity"
76-->[com.google.firebase:firebase-auth:23.0.0] AndroidManifest.xml:30:13-80
77            android:excludeFromRecents="true"
77-->[com.google.firebase:firebase-auth:23.0.0] AndroidManifest.xml:31:13-46
78            android:exported="true"
78-->[com.google.firebase:firebase-auth:23.0.0] AndroidManifest.xml:32:13-36
79            android:launchMode="singleTask"
79-->[com.google.firebase:firebase-auth:23.0.0] AndroidManifest.xml:33:13-44
80            android:theme="@android:style/Theme.Translucent.NoTitleBar" >
80-->[com.google.firebase:firebase-auth:23.0.0] AndroidManifest.xml:34:13-72
81            <intent-filter>
81-->[com.google.firebase:firebase-auth:23.0.0] AndroidManifest.xml:35:13-45:29
82                <action android:name="android.intent.action.VIEW" />
82-->[com.google.firebase:firebase-auth:23.0.0] AndroidManifest.xml:36:17-69
82-->[com.google.firebase:firebase-auth:23.0.0] AndroidManifest.xml:36:25-66
83
84                <category android:name="android.intent.category.DEFAULT" />
84-->[com.google.firebase:firebase-auth:23.0.0] AndroidManifest.xml:38:17-76
84-->[com.google.firebase:firebase-auth:23.0.0] AndroidManifest.xml:38:27-73
85                <category android:name="android.intent.category.BROWSABLE" />
85-->[com.google.firebase:firebase-auth:23.0.0] AndroidManifest.xml:39:17-78
85-->[com.google.firebase:firebase-auth:23.0.0] AndroidManifest.xml:39:27-75
86
87                <data
87-->[com.google.firebase:firebase-auth:23.0.0] AndroidManifest.xml:41:17-44:51
88                    android:host="firebase.auth"
88-->[com.google.firebase:firebase-auth:23.0.0] AndroidManifest.xml:42:21-49
89                    android:path="/"
89-->[com.google.firebase:firebase-auth:23.0.0] AndroidManifest.xml:43:21-37
90                    android:scheme="genericidp" />
90-->[com.google.firebase:firebase-auth:23.0.0] AndroidManifest.xml:44:21-48
91            </intent-filter>
92        </activity>
93        <activity
93-->[com.google.firebase:firebase-auth:23.0.0] AndroidManifest.xml:47:9-64:20
94            android:name="com.google.firebase.auth.internal.RecaptchaActivity"
94-->[com.google.firebase:firebase-auth:23.0.0] AndroidManifest.xml:48:13-79
95            android:excludeFromRecents="true"
95-->[com.google.firebase:firebase-auth:23.0.0] AndroidManifest.xml:49:13-46
96            android:exported="true"
96-->[com.google.firebase:firebase-auth:23.0.0] AndroidManifest.xml:50:13-36
97            android:launchMode="singleTask"
97-->[com.google.firebase:firebase-auth:23.0.0] AndroidManifest.xml:51:13-44
98            android:theme="@android:style/Theme.Translucent.NoTitleBar" >
98-->[com.google.firebase:firebase-auth:23.0.0] AndroidManifest.xml:52:13-72
99            <intent-filter>
99-->[com.google.firebase:firebase-auth:23.0.0] AndroidManifest.xml:53:13-63:29
100                <action android:name="android.intent.action.VIEW" />
100-->[com.google.firebase:firebase-auth:23.0.0] AndroidManifest.xml:36:17-69
100-->[com.google.firebase:firebase-auth:23.0.0] AndroidManifest.xml:36:25-66
101
102                <category android:name="android.intent.category.DEFAULT" />
102-->[com.google.firebase:firebase-auth:23.0.0] AndroidManifest.xml:38:17-76
102-->[com.google.firebase:firebase-auth:23.0.0] AndroidManifest.xml:38:27-73
103                <category android:name="android.intent.category.BROWSABLE" />
103-->[com.google.firebase:firebase-auth:23.0.0] AndroidManifest.xml:39:17-78
103-->[com.google.firebase:firebase-auth:23.0.0] AndroidManifest.xml:39:27-75
104
105                <data
105-->[com.google.firebase:firebase-auth:23.0.0] AndroidManifest.xml:41:17-44:51
106                    android:host="firebase.auth"
106-->[com.google.firebase:firebase-auth:23.0.0] AndroidManifest.xml:42:21-49
107                    android:path="/"
107-->[com.google.firebase:firebase-auth:23.0.0] AndroidManifest.xml:43:21-37
108                    android:scheme="recaptcha" />
108-->[com.google.firebase:firebase-auth:23.0.0] AndroidManifest.xml:44:21-48
109            </intent-filter>
110        </activity>
111
112        <service
112-->[androidx.credentials:credentials-play-services-auth:1.3.0] AndroidManifest.xml:24:9-32:19
113            android:name="androidx.credentials.playservices.CredentialProviderMetadataHolder"
113-->[androidx.credentials:credentials-play-services-auth:1.3.0] AndroidManifest.xml:25:13-94
114            android:enabled="true"
114-->[androidx.credentials:credentials-play-services-auth:1.3.0] AndroidManifest.xml:26:13-35
115            android:exported="false" >
115-->[androidx.credentials:credentials-play-services-auth:1.3.0] AndroidManifest.xml:27:13-37
116            <meta-data
116-->[androidx.credentials:credentials-play-services-auth:1.3.0] AndroidManifest.xml:29:13-31:104
117                android:name="androidx.credentials.CREDENTIAL_PROVIDER_KEY"
117-->[androidx.credentials:credentials-play-services-auth:1.3.0] AndroidManifest.xml:30:17-76
118                android:value="androidx.credentials.playservices.CredentialProviderPlayServicesImpl" />
118-->[androidx.credentials:credentials-play-services-auth:1.3.0] AndroidManifest.xml:31:17-101
119        </service>
120
121        <activity
121-->[androidx.credentials:credentials-play-services-auth:1.3.0] AndroidManifest.xml:34:9-41:20
122            android:name="androidx.credentials.playservices.HiddenActivity"
122-->[androidx.credentials:credentials-play-services-auth:1.3.0] AndroidManifest.xml:35:13-76
123            android:configChanges="orientation|screenSize|screenLayout|keyboardHidden"
123-->[androidx.credentials:credentials-play-services-auth:1.3.0] AndroidManifest.xml:36:13-87
124            android:enabled="true"
124-->[androidx.credentials:credentials-play-services-auth:1.3.0] AndroidManifest.xml:37:13-35
125            android:exported="false"
125-->[androidx.credentials:credentials-play-services-auth:1.3.0] AndroidManifest.xml:38:13-37
126            android:fitsSystemWindows="true"
126-->[androidx.credentials:credentials-play-services-auth:1.3.0] AndroidManifest.xml:39:13-45
127            android:theme="@style/Theme.Hidden" >
127-->[androidx.credentials:credentials-play-services-auth:1.3.0] AndroidManifest.xml:40:13-48
128        </activity>
129        <activity
129-->[com.google.android.gms:play-services-auth:21.4.0] AndroidManifest.xml:23:9-27:75
130            android:name="com.google.android.gms.auth.api.signin.internal.SignInHubActivity"
130-->[com.google.android.gms:play-services-auth:21.4.0] AndroidManifest.xml:24:13-93
131            android:excludeFromRecents="true"
131-->[com.google.android.gms:play-services-auth:21.4.0] AndroidManifest.xml:25:13-46
132            android:exported="false"
132-->[com.google.android.gms:play-services-auth:21.4.0] AndroidManifest.xml:26:13-37
133            android:theme="@android:style/Theme.Translucent.NoTitleBar" />
133-->[com.google.android.gms:play-services-auth:21.4.0] AndroidManifest.xml:27:13-72
134        <!--
135            Service handling Google Sign-In user revocation. For apps that do not integrate with
136            Google Sign-In, this service will never be started.
137        -->
138        <service
138-->[com.google.android.gms:play-services-auth:21.4.0] AndroidManifest.xml:33:9-37:51
139            android:name="com.google.android.gms.auth.api.signin.RevocationBoundService"
139-->[com.google.android.gms:play-services-auth:21.4.0] AndroidManifest.xml:34:13-89
140            android:exported="true"
140-->[com.google.android.gms:play-services-auth:21.4.0] AndroidManifest.xml:35:13-36
141            android:permission="com.google.android.gms.auth.api.signin.permission.REVOCATION_NOTIFICATION"
141-->[com.google.android.gms:play-services-auth:21.4.0] AndroidManifest.xml:36:13-107
142            android:visibleToInstantApps="true" />
142-->[com.google.android.gms:play-services-auth:21.4.0] AndroidManifest.xml:37:13-48
143
144        <activity
144-->[com.google.android.gms:play-services-base:18.5.0] AndroidManifest.xml:5:9-173
145            android:name="com.google.android.gms.common.api.GoogleApiActivity"
145-->[com.google.android.gms:play-services-base:18.5.0] AndroidManifest.xml:5:19-85
146            android:exported="false"
146-->[com.google.android.gms:play-services-base:18.5.0] AndroidManifest.xml:5:146-170
147            android:theme="@android:style/Theme.Translucent.NoTitleBar" />
147-->[com.google.android.gms:play-services-base:18.5.0] AndroidManifest.xml:5:86-145
148
149        <provider
149-->[com.google.firebase:firebase-common:22.0.1] AndroidManifest.xml:23:9-28:39
150            android:name="com.google.firebase.provider.FirebaseInitProvider"
150-->[com.google.firebase:firebase-common:22.0.1] AndroidManifest.xml:24:13-77
151            android:authorities="student.projects.jetpackpam.firebaseinitprovider"
151-->[com.google.firebase:firebase-common:22.0.1] AndroidManifest.xml:25:13-72
152            android:directBootAware="true"
152-->[com.google.firebase:firebase-common:22.0.1] AndroidManifest.xml:26:13-43
153            android:exported="false"
153-->[com.google.firebase:firebase-common:22.0.1] AndroidManifest.xml:27:13-37
154            android:initOrder="100" />
154-->[com.google.firebase:firebase-common:22.0.1] AndroidManifest.xml:28:13-36
155
156        <activity
156-->[androidx.compose.ui:ui-test-manifest:1.9.2] AndroidManifest.xml:23:9-26:79
157            android:name="androidx.activity.ComponentActivity"
157-->[androidx.compose.ui:ui-test-manifest:1.9.2] AndroidManifest.xml:24:13-63
158            android:exported="true"
158-->[androidx.compose.ui:ui-test-manifest:1.9.2] AndroidManifest.xml:25:13-36
159            android:theme="@android:style/Theme.Material.Light.NoActionBar" />
159-->[androidx.compose.ui:ui-test-manifest:1.9.2] AndroidManifest.xml:26:13-76
160
161        <provider
161-->[androidx.emoji2:emoji2:1.4.0] AndroidManifest.xml:24:9-32:20
162            android:name="androidx.startup.InitializationProvider"
162-->[androidx.emoji2:emoji2:1.4.0] AndroidManifest.xml:25:13-67
163            android:authorities="student.projects.jetpackpam.androidx-startup"
163-->[androidx.emoji2:emoji2:1.4.0] AndroidManifest.xml:26:13-68
164            android:exported="false" >
164-->[androidx.emoji2:emoji2:1.4.0] AndroidManifest.xml:27:13-37
165            <meta-data
165-->[androidx.emoji2:emoji2:1.4.0] AndroidManifest.xml:29:13-31:52
166                android:name="androidx.emoji2.text.EmojiCompatInitializer"
166-->[androidx.emoji2:emoji2:1.4.0] AndroidManifest.xml:30:17-75
167                android:value="androidx.startup" />
167-->[androidx.emoji2:emoji2:1.4.0] AndroidManifest.xml:31:17-49
168            <meta-data
168-->[androidx.lifecycle:lifecycle-process:2.9.4] AndroidManifest.xml:29:13-31:52
169                android:name="androidx.lifecycle.ProcessLifecycleInitializer"
169-->[androidx.lifecycle:lifecycle-process:2.9.4] AndroidManifest.xml:30:17-78
170                android:value="androidx.startup" />
170-->[androidx.lifecycle:lifecycle-process:2.9.4] AndroidManifest.xml:31:17-49
171            <meta-data
171-->[androidx.profileinstaller:profileinstaller:1.4.0] AndroidManifest.xml:29:13-31:52
172                android:name="androidx.profileinstaller.ProfileInstallerInitializer"
172-->[androidx.profileinstaller:profileinstaller:1.4.0] AndroidManifest.xml:30:17-85
173                android:value="androidx.startup" />
173-->[androidx.profileinstaller:profileinstaller:1.4.0] AndroidManifest.xml:31:17-49
174        </provider>
175
176        <uses-library
176-->[androidx.window:window:1.3.0] AndroidManifest.xml:23:9-25:40
177            android:name="androidx.window.extensions"
177-->[androidx.window:window:1.3.0] AndroidManifest.xml:24:13-54
178            android:required="false" />
178-->[androidx.window:window:1.3.0] AndroidManifest.xml:25:13-37
179        <uses-library
179-->[androidx.window:window:1.3.0] AndroidManifest.xml:26:9-28:40
180            android:name="androidx.window.sidecar"
180-->[androidx.window:window:1.3.0] AndroidManifest.xml:27:13-51
181            android:required="false" />
181-->[androidx.window:window:1.3.0] AndroidManifest.xml:28:13-37
182
183        <activity
183-->[androidx.compose.ui:ui-tooling-android:1.9.2] AndroidManifest.xml:23:9-25:39
184            android:name="androidx.compose.ui.tooling.PreviewActivity"
184-->[androidx.compose.ui:ui-tooling-android:1.9.2] AndroidManifest.xml:24:13-71
185            android:exported="true" />
185-->[androidx.compose.ui:ui-tooling-android:1.9.2] AndroidManifest.xml:25:13-36
186
187        <meta-data
187-->[com.google.android.gms:play-services-basement:18.5.0] AndroidManifest.xml:21:9-23:69
188            android:name="com.google.android.gms.version"
188-->[com.google.android.gms:play-services-basement:18.5.0] AndroidManifest.xml:22:13-58
189            android:value="@integer/google_play_services_version" />
189-->[com.google.android.gms:play-services-basement:18.5.0] AndroidManifest.xml:23:13-66
190
191        <receiver
191-->[androidx.profileinstaller:profileinstaller:1.4.0] AndroidManifest.xml:34:9-52:20
192            android:name="androidx.profileinstaller.ProfileInstallReceiver"
192-->[androidx.profileinstaller:profileinstaller:1.4.0] AndroidManifest.xml:35:13-76
193            android:directBootAware="false"
193-->[androidx.profileinstaller:profileinstaller:1.4.0] AndroidManifest.xml:36:13-44
194            android:enabled="true"
194-->[androidx.profileinstaller:profileinstaller:1.4.0] AndroidManifest.xml:37:13-35
195            android:exported="true"
195-->[androidx.profileinstaller:profileinstaller:1.4.0] AndroidManifest.xml:38:13-36
196            android:permission="android.permission.DUMP" >
196-->[androidx.profileinstaller:profileinstaller:1.4.0] AndroidManifest.xml:39:13-57
197            <intent-filter>
197-->[androidx.profileinstaller:profileinstaller:1.4.0] AndroidManifest.xml:40:13-42:29
198                <action android:name="androidx.profileinstaller.action.INSTALL_PROFILE" />
198-->[androidx.profileinstaller:profileinstaller:1.4.0] AndroidManifest.xml:41:17-91
198-->[androidx.profileinstaller:profileinstaller:1.4.0] AndroidManifest.xml:41:25-88
199            </intent-filter>
200            <intent-filter>
200-->[androidx.profileinstaller:profileinstaller:1.4.0] AndroidManifest.xml:43:13-45:29
201                <action android:name="androidx.profileinstaller.action.SKIP_FILE" />
201-->[androidx.profileinstaller:profileinstaller:1.4.0] AndroidManifest.xml:44:17-85
201-->[androidx.profileinstaller:profileinstaller:1.4.0] AndroidManifest.xml:44:25-82
202            </intent-filter>
203            <intent-filter>
203-->[androidx.profileinstaller:profileinstaller:1.4.0] AndroidManifest.xml:46:13-48:29
204                <action android:name="androidx.profileinstaller.action.SAVE_PROFILE" />
204-->[androidx.profileinstaller:profileinstaller:1.4.0] AndroidManifest.xml:47:17-88
204-->[androidx.profileinstaller:profileinstaller:1.4.0] AndroidManifest.xml:47:25-85
205            </intent-filter>
206            <intent-filter>
206-->[androidx.profileinstaller:profileinstaller:1.4.0] AndroidManifest.xml:49:13-51:29
207                <action android:name="androidx.profileinstaller.action.BENCHMARK_OPERATION" />
207-->[androidx.profileinstaller:profileinstaller:1.4.0] AndroidManifest.xml:50:17-95
207-->[androidx.profileinstaller:profileinstaller:1.4.0] AndroidManifest.xml:50:25-92
208            </intent-filter>
209        </receiver>
210    </application>
211
212</manifest>